<?xml version="1.0" encoding="UTF-8"?>
<!-- Generated by org.testng.reporters.JUnitReportReporter -->
<testsuite hostname="DESKTOP-T4TAO8P" failures="0" tests="3" name="com.qa.opencart.test.HomePageTest" time="0.190" errors="0" timestamp="2025-07-08T22:48:47 IST" skipped="0">
  <testcase classname="com.qa.opencart.test.HomePageTest" name="getHomePageTitleTest" time="0.019"/>
  <testcase classname="com.qa.opencart.test.HomePageTest" name="doSearchTest" time="0.169"/>
  <testcase classname="com.qa.opencart.test.HomePageTest" name="getHomepageUrlTest" time="0.002"/>
</testsuite> <!-- com.qa.opencart.test.HomePageTest -->
