<?xml version="1.0" encoding="UTF-8"?>
<!-- Generated by org.testng.reporters.JUnitReportReporter -->
<testsuite hostname="DESKTOP-T4TAO8P" failures="0" tests="5" name="com.qa.kfc.test.HomePageTest" time="88.238" errors="0" timestamp="2025-07-11T23:38:21 IST" skipped="0">
  <testcase classname="com.qa.kfc.test.HomePageTest" name="homePageTitleTest" time="0.026"/>
  <testcase classname="com.qa.kfc.test.HomePageTest" name="homePageUrlTest" time="0.001"/>
  <testcase classname="com.qa.kfc.test.HomePageTest" name="menuCtaTest" time="7.717"/>
  <testcase classname="com.qa.kfc.test.HomePageTest" name="dealsCtaTest" time="2.166"/>
  <testcase classname="com.qa.kfc.test.HomePageTest" name="signUP" time="78.328"/>
</testsuite> <!-- com.qa.kfc.test.HomePageTest -->
